c:\users\usuario\desktop\agustin ruscio - tp integrador\sfmlgame\tankgame\x64\debug\vc143.pdb
c:\users\usuario\desktop\agustin ruscio - tp integrador\sfmlgame\tankgame\x64\debug\vc143.idb
c:\users\usuario\desktop\agustin ruscio - tp integrador\sfmlgame\tankgame\x64\debug\racket.obj
c:\users\usuario\desktop\agustin ruscio - tp integrador\sfmlgame\tankgame\x64\debug\source.obj
c:\users\usuario\desktop\agustin ruscio - tp integrador\sfmlgame\tankgame\x64\debug\middlefieldmark.obj
c:\users\usuario\desktop\agustin ruscio - tp integrador\sfmlgame\tankgame\x64\debug\gamemanager.obj
c:\users\usuario\desktop\agustin ruscio - tp integrador\sfmlgame\tankgame\x64\debug\game.obj
c:\users\usuario\desktop\agustin ruscio - tp integrador\sfmlgame\tankgame\x64\debug\entitymanager.obj
c:\users\usuario\desktop\agustin ruscio - tp integrador\sfmlgame\tankgame\x64\debug\entity.obj
c:\users\usuario\desktop\agustin ruscio - tp integrador\sfmlgame\tankgame\x64\debug\collisionmanager.obj
c:\users\usuario\desktop\agustin ruscio - tp integrador\sfmlgame\tankgame\x64\debug\ball.obj
c:\users\usuario\desktop\agustin ruscio - tp integrador\sfmlgame\tankgame\x64\debug\pong.ilk
c:\users\usuario\desktop\agustin ruscio - tp integrador\sfmlgame\x64\debug\pong.exe
c:\users\usuario\desktop\agustin ruscio - tp integrador\sfmlgame\x64\debug\pong.pdb
c:\users\usuario\desktop\agustin ruscio - tp integrador\sfmlgame\tankgame\x64\debug\pong.tlog\cl.command.1.tlog
c:\users\usuario\desktop\agustin ruscio - tp integrador\sfmlgame\tankgame\x64\debug\pong.tlog\cl.items.tlog
c:\users\usuario\desktop\agustin ruscio - tp integrador\sfmlgame\tankgame\x64\debug\pong.tlog\cl.read.1.tlog
c:\users\usuario\desktop\agustin ruscio - tp integrador\sfmlgame\tankgame\x64\debug\pong.tlog\cl.write.1.tlog
c:\users\usuario\desktop\agustin ruscio - tp integrador\sfmlgame\tankgame\x64\debug\pong.tlog\link.command.1.tlog
c:\users\usuario\desktop\agustin ruscio - tp integrador\sfmlgame\tankgame\x64\debug\pong.tlog\link.read.1.tlog
c:\users\usuario\desktop\agustin ruscio - tp integrador\sfmlgame\tankgame\x64\debug\pong.tlog\link.write.1.tlog
